<?xml version="1.0" encoding="UTF-8"?>
<testng-results ignored="0" total="1" passed="1" failed="0" skipped="0">
  <reporter-output>
  </reporter-output>
  <suite started-at="2024-03-30T20:30:07 IST" name="Default suite" finished-at="2024-03-30T20:30:08 IST" duration-ms="563">
    <groups>
      <group name="cucumber">
        <method signature="AbstractTestNGCucumberTests.runScenario(io.cucumber.testng.PickleWrapper,io.cucumber.testng.FeatureWrapper)[pri:0, instance:Runner.CucmberRunner@557caf28]" name="runScenario" class="io.cucumber.testng.AbstractTestNGCucumberTests"/>
      </group> <!-- cucumber -->
    </groups>
    <test started-at="2024-03-30T20:30:07 IST" name="Default test" finished-at="2024-03-30T20:30:08 IST" duration-ms="563">
      <class name="Runner.CucmberRunner">
        <test-method is-config="true" signature="setUpClass(org.testng.ITestContext)[pri:0, instance:Runner.CucmberRunner@557caf28]" started-at="2024-03-30T20:30:07 IST" name="setUpClass" finished-at="2024-03-30T20:30:07 IST" duration-ms="314" status="PASS">
          <params>
            <param index="0">
              <value>
                <![CDATA[org.testng.TestRunner@34f7234e]]>
              </value>
            </param>
          </params>
          <reporter-output>
          </reporter-output>
        </test-method> <!-- setUpClass -->
        <test-method signature="runScenario(io.cucumber.testng.PickleWrapper,io.cucumber.testng.FeatureWrapper)[pri:0, instance:Runner.CucmberRunner@557caf28]" started-at="2024-03-30T20:30:07 IST" name="runScenario" description="Runs Cucumber Scenarios" data-provider="scenarios" finished-at="2024-03-30T20:30:07 IST" duration-ms="184" status="PASS">
          <params>
            <param index="0">
              <value>
                <![CDATA["Verify that the review and description tabs are displayed for products"]]>
              </value>
            </param>
            <param index="1">
              <value>
                <![CDATA["To Test the functionality of reveiws and discription pages in the scenarios tab."]]>
              </value>
            </param>
          </params>
          <reporter-output>
          </reporter-output>
        </test-method> <!-- runScenario -->
        <test-method is-config="true" signature="tearDownClass()[pri:0, instance:Runner.CucmberRunner@557caf28]" started-at="2024-03-30T20:30:07 IST" name="tearDownClass" finished-at="2024-03-30T20:30:08 IST" duration-ms="9" status="PASS">
          <reporter-output>
          </reporter-output>
        </test-method> <!-- tearDownClass -->
      </class> <!-- Runner.CucmberRunner -->
    </test> <!-- Default test -->
  </suite> <!-- Default suite -->
</testng-results>
