<?xml version="1.0" encoding="UTF-8"?>
<testng-results ignored="0" total="1" passed="1" failed="0" skipped="0">
  <reporter-output>
  </reporter-output>
  <suite started-at="2024-03-26T23:44:24 IST" name="Default suite" finished-at="2024-03-26T23:44:32 IST" duration-ms="8273">
    <groups>
      <group name="cucumber">
        <method signature="AbstractTestNGCucumberTests.runScenario(io.cucumber.testng.PickleWrapper,io.cucumber.testng.FeatureWrapper)[pri:0, instance:Runner.CucmberRunner@639c2c1d]" name="runScenario" class="io.cucumber.testng.AbstractTestNGCucumberTests"/>
      </group> <!-- cucumber -->
    </groups>
    <test started-at="2024-03-26T23:44:24 IST" name="Default test" finished-at="2024-03-26T23:44:32 IST" duration-ms="8273">
      <class name="Runner.CucmberRunner">
        <test-method is-config="true" signature="setUpClass(org.testng.ITestContext)[pri:0, instance:Runner.CucmberRunner@639c2c1d]" started-at="2024-03-26T23:44:24 IST" name="setUpClass" finished-at="2024-03-26T23:44:24 IST" duration-ms="262" status="PASS">
          <params>
            <param index="0">
              <value>
                <![CDATA[org.testng.TestRunner@1e6cc850]]>
              </value>
            </param>
          </params>
          <reporter-output>
          </reporter-output>
        </test-method> <!-- setUpClass -->
        <test-method signature="runScenario(io.cucumber.testng.PickleWrapper,io.cucumber.testng.FeatureWrapper)[pri:0, instance:Runner.CucmberRunner@639c2c1d]" started-at="2024-03-26T23:44:24 IST" name="runScenario" description="Runs Cucumber Scenarios" data-provider="scenarios" finished-at="2024-03-26T23:44:32 IST" duration-ms="7948" status="PASS">
          <params>
            <param index="0">
              <value>
                <![CDATA["To Test the cards are 3 or not."]]>
              </value>
            </param>
            <param index="1">
              <value>
                <![CDATA["To Test the HomePage Functionality."]]>
              </value>
            </param>
          </params>
          <reporter-output>
          </reporter-output>
        </test-method> <!-- runScenario -->
        <test-method is-config="true" signature="tearDownClass()[pri:0, instance:Runner.CucmberRunner@639c2c1d]" started-at="2024-03-26T23:44:32 IST" name="tearDownClass" finished-at="2024-03-26T23:44:32 IST" duration-ms="4" status="PASS">
          <reporter-output>
          </reporter-output>
        </test-method> <!-- tearDownClass -->
      </class> <!-- Runner.CucmberRunner -->
    </test> <!-- Default test -->
  </suite> <!-- Default suite -->
</testng-results>
